<?xml version="1.0" encoding="UTF-8"?>
<testsuite xmlns:xsi="http://www.w3.org/2001/XMLSchema-instance" xsi:noNamespaceSchemaLocation="https://maven.apache.org/surefire/maven-surefire-plugin/xsd/surefire-test-report.xsd" version="3.0.2" name="frp.utn.tp.ArchitectureTest" time="30.196" tests="7" errors="0" skipped="0" failures="1">
  <properties>
[...]
</properties>
  <testcase name="security_package_should_not_depend_on_other_application_classes" classname="frp.utn.tp.ArchitectureTest" time="0.297">
    <system-out><![CDATA[10:21:57.033 [main] INFO com.tngtech.archunit.core.PluginLoader -- Detected Java version 21.0.7
]]></system-out>
  </testcase>
  <testcase name="repositories_should_only_be_used_by_application_services_and_other_domain_classes" classname="frp.utn.tp.ArchitectureTest" time="0.845"/>
  <testcase name="repositories_should_only_be_called_by_transactional_methods" classname="frp.utn.tp.ArchitectureTest" time="0.082">
    <failure message="Architecture Violation [Priority: MEDIUM] - Rule &apos;methods that are declared in classes that are assignable to org.springframework.data.repository.Repository should only be called by methods that annotated with @Transactional&apos; was violated (1 times):&#10;Method &lt;frp.utn.tp.taskmanagement.service.PersonService.list(org.springframework.data.domain.Pageable)&gt; calls method &lt;frp.utn.tp.taskmanagement.domain.PersonRepository.findAllBy(org.springframework.data.domain.Pageable)&gt; in (PersonService.java:48)" type="java.lang.AssertionError"><![CDATA[java.lang.AssertionError: 
Architecture Violation [Priority: MEDIUM] - Rule 'methods that are declared in classes that are assignable to org.springframework.data.repository.Repository should only be called by methods that annotated with @Transactional' was violated (1 times):
Method <frp.utn.tp.taskmanagement.service.PersonService.list(org.springframework.data.domain.Pageable)> calls method <frp.utn.tp.taskmanagement.domain.PersonRepository.findAllBy(org.springframework.data.domain.Pageable)> in (PersonService.java:48)
	at com.tngtech.archunit.lang.ArchRule$Assertions.assertNoViolation(ArchRule.java:94)
	at com.tngtech.archunit.lang.ArchRule$Assertions.check(ArchRule.java:86)
	at com.tngtech.archunit.lang.ArchRule$Factory$SimpleArchRule.check(ArchRule.java:165)
	at com.tngtech.archunit.lang.syntax.ObjectsShouldInternal.check(ObjectsShouldInternal.java:81)
	at frp.utn.tp.ArchitectureTest.repositories_should_only_be_called_by_transactional_methods(ArchitectureTest.java:42)
	at java.base/java.lang.reflect.Method.invoke(Method.java:580)
	at java.base/java.util.ArrayList.forEach(ArrayList.java:1596)
	at java.base/java.util.ArrayList.forEach(ArrayList.java:1596)
]]></failure>
  </testcase>
  <testcase name="domain_model_should_not_depend_on_the_user_interface" classname="frp.utn.tp.ArchitectureTest" time="0.026"/>
  <testcase name="application_services_should_not_depend_on_the_user_interface" classname="frp.utn.tp.ArchitectureTest" time="0.01"/>
  <testcase name="domain_model_should_not_depend_on_application_services" classname="frp.utn.tp.ArchitectureTest" time="0.134"/>
  <testcase name="there_should_not_be_circular_dependencies_between_feature_packages" classname="frp.utn.tp.ArchitectureTest" time="0.42"/>
</testsuite>